<?xml version="1.0" encoding="UTF-8"?>
<!-- Generated by org.testng.reporters.JUnitXMLReporter -->
<testsuite ignored="0" hostname="LAPTOP-E01HO7SE" failures="0" tests="9" name="Default test" time="2640.312" errors="0" timestamp="2022-03-25T12:39:45 IST">
  <testcase classname="acd.TestScript" name="basicDetail" time="248.013"/>
  <testcase classname="acd.TestScript" name="addReport" time="80.379"/>
  <testcase classname="acd.TestScript" name="docUpload" time="365.59"/>
  <testcase classname="acd.TestScript" name="FileInfo" time="158.685"/>
  <testcase classname="acd.TestScript" name="Actions" time="280.8"/>
  <testcase classname="acd.TestScript" name="ACDQuicklinks" time="334.36"/>
  <testcase classname="acd.TestScript" name="SearchRequest" time="570.912"/>
  <testcase classname="acd.TestScript" name="OfflineReports" time="242.993"/>
  <testcase classname="acd.TestScript" name="FileAdjud_FCRA" time="307.675"/>
</testsuite> <!-- Default test -->
