<?xml version="1.0" encoding="UTF-8"?>
<!-- Generated by org.testng.reporters.JUnitXMLReporter -->
<testsuite ignored="2" hostname="LAPTOP-JQ4BDR17" failures="0" tests="1" name="Default test" time="309.832" errors="0" timestamp="2022-04-14T23:02:48 IST">
  <testcase classname="scenarioExecution.ACDScenarioExecution" name="myAcheckBulkInvite" time="308.009"/>
  <testcase classname="scenarioExecution.ACDScenarioExecution" name="myAcheckCreateInvite" time="0.0">
    <ignored/>
  </testcase> <!-- myAcheckCreateInvite -->
  <testcase classname="scenarioExecution.ACDScenarioExecution" name="ACDscript" time="0.0">
    <ignored/>
  </testcase> <!-- ACDscript -->
</testsuite> <!-- Default test -->
