<?xml version="1.0" encoding="UTF-8"?>
<testng-results ignored="0" total="9" passed="9" failed="0" skipped="0">
  <reporter-output>
  </reporter-output>
  <suite started-at="2022-03-18T12:45:53 IST" name="Default suite" finished-at="2022-03-18T13:24:03 IST" duration-ms="2289599">
    <groups>
    </groups>
    <test started-at="2022-03-18T12:45:53 IST" name="Default test" finished-at="2022-03-18T13:24:03 IST" duration-ms="2289599">
      <class name="acd.TestScript">
        <test-method is-config="true" signature="startTest()[pri:0, instance:acd.TestScript@40ef3420]" started-at="2022-03-18T12:45:53 IST" name="startTest" finished-at="2022-03-18T12:46:24 IST" duration-ms="30695" status="PASS">
          <reporter-output>
          </reporter-output>
        </test-method> <!-- startTest -->
        <test-method signature="ACDQuicklinks()[pri:1, instance:acd.TestScript@40ef3420]" started-at="2022-03-18T12:46:24 IST" name="ACDQuicklinks" finished-at="2022-03-18T12:50:54 IST" duration-ms="269823" status="PASS">
          <reporter-output>
          </reporter-output>
        </test-method> <!-- ACDQuicklinks -->
        <test-method signature="SearchRequest()[pri:2, instance:acd.TestScript@40ef3420]" started-at="2022-03-18T12:50:54 IST" name="SearchRequest" finished-at="2022-03-18T12:57:50 IST" duration-ms="416005" status="PASS">
          <reporter-output>
          </reporter-output>
        </test-method> <!-- SearchRequest -->
        <test-method signature="basicDetail(java.lang.String,java.lang.String,java.lang.String,java.lang.String,java.lang.String,java.lang.String,java.lang.String,java.lang.String,java.lang.String,java.lang.String,java.lang.String,java.lang.String,java.lang.String,java.lang.String,java.lang.String,java.lang.String,java.lang.String,org.testng.ITestContext)[pri:3, instance:acd.TestScript@40ef3420]" started-at="2022-03-18T12:57:51 IST" name="basicDetail" data-provider="fetchData" finished-at="2022-03-18T13:01:51 IST" duration-ms="240394" status="PASS">
          <params>
            <param index="0">
              <value>
                <![CDATA[thiruve]]>
              </value>
            </param>
            <param index="1">
              <value>
                <![CDATA[nkha]]>
              </value>
            </param>
            <param index="2">
              <value>
                <![CDATA[danp]]>
              </value>
            </param>
            <param index="3">
              <value>
                <![CDATA[UNITED STATES]]>
              </value>
            </param>
            <param index="4">
              <value>
                <![CDATA[555555555]]>
              </value>
            </param>
            <param index="5">
              <value>
                <![CDATA[555555555]]>
              </value>
            </param>
            <param index="6">
              <value>
                <![CDATA[08091991]]>
              </value>
            </param>
            <param index="7">
              <value>
                <![CDATA[12205]]>
              </value>
            </param>
            <param index="8">
              <value>
                <![CDATA[schoolTest]]>
              </value>
            </param>
            <param index="9">
              <value>
                <![CDATA[NEWYORK]]>
              </value>
            </param>
            <param index="10">
              <value>
                <![CDATA[DC]]>
              </value>
            </param>
            <param index="11">
              <value>
                <![CDATA[UNITED STATES]]>
              </value>
            </param>
            <param index="12">
              <value>
                <![CDATA[PHD]]>
              </value>
            </param>
            <param index="13">
              <value>
                <![CDATA[YES]]>
              </value>
            </param>
            <param index="14">
              <value>
                <![CDATA[02/2009]]>
              </value>
            </param>
            <param index="15">
              <value>
                <![CDATA[1]]>
              </value>
            </param>
            <param index="16">
              <value>
                <![CDATA[For Testing Purpose]]>
              </value>
            </param>
            <param index="17">
              <value>
                <![CDATA[org.testng.TestRunner@59ce792e]]>
              </value>
            </param>
          </params>
          <reporter-output>
          </reporter-output>
        </test-method> <!-- basicDetail -->
        <test-method signature="addReport(org.testng.ITestContext)[pri:4, instance:acd.TestScript@40ef3420]" started-at="2022-03-18T13:01:51 IST" name="addReport" finished-at="2022-03-18T13:03:04 IST" duration-ms="72588" status="PASS">
          <params>
            <param index="0">
              <value>
                <![CDATA[org.testng.TestRunner@59ce792e]]>
              </value>
            </param>
          </params>
          <reporter-output>
          </reporter-output>
        </test-method> <!-- addReport -->
        <test-method signature="docUpload(org.testng.ITestContext)[pri:5, instance:acd.TestScript@40ef3420]" started-at="2022-03-18T13:03:04 IST" name="docUpload" finished-at="2022-03-18T13:09:12 IST" duration-ms="368327" status="PASS">
          <params>
            <param index="0">
              <value>
                <![CDATA[org.testng.TestRunner@59ce792e]]>
              </value>
            </param>
          </params>
          <reporter-output>
          </reporter-output>
        </test-method> <!-- docUpload -->
        <test-method signature="FileInfo(org.testng.ITestContext)[pri:6, instance:acd.TestScript@40ef3420]" started-at="2022-03-18T13:09:12 IST" name="FileInfo" finished-at="2022-03-18T13:12:40 IST" duration-ms="207579" status="PASS">
          <params>
            <param index="0">
              <value>
                <![CDATA[org.testng.TestRunner@59ce792e]]>
              </value>
            </param>
          </params>
          <reporter-output>
          </reporter-output>
        </test-method> <!-- FileInfo -->
        <test-method signature="Actions(org.testng.ITestContext)[pri:7, instance:acd.TestScript@40ef3420]" started-at="2022-03-18T13:12:40 IST" name="Actions" finished-at="2022-03-18T13:16:59 IST" duration-ms="258994" status="PASS">
          <params>
            <param index="0">
              <value>
                <![CDATA[org.testng.TestRunner@59ce792e]]>
              </value>
            </param>
          </params>
          <reporter-output>
          </reporter-output>
        </test-method> <!-- Actions -->
        <test-method signature="OfflineReports()[pri:8, instance:acd.TestScript@40ef3420]" started-at="2022-03-18T13:16:59 IST" name="OfflineReports" finished-at="2022-03-18T13:20:54 IST" duration-ms="234962" status="PASS">
          <reporter-output>
          </reporter-output>
        </test-method> <!-- OfflineReports -->
        <test-method signature="FileAdjud_FCRA()[pri:9, instance:acd.TestScript@40ef3420]" started-at="2022-03-18T13:20:54 IST" name="FileAdjud_FCRA" finished-at="2022-03-18T13:24:03 IST" duration-ms="188997" status="PASS">
          <reporter-output>
          </reporter-output>
        </test-method> <!-- FileAdjud_FCRA -->
        <test-method is-config="true" signature="closeBrowser()[pri:0, instance:acd.TestScript@40ef3420]" started-at="2022-03-18T13:24:03 IST" name="closeBrowser" finished-at="2022-03-18T13:24:03 IST" duration-ms="1" status="PASS">
          <reporter-output>
          </reporter-output>
        </test-method> <!-- closeBrowser -->
      </class> <!-- acd.TestScript -->
    </test> <!-- Default test -->
  </suite> <!-- Default suite -->
</testng-results>
